   Executing file "input.nexus.compute"
   UNIX line termination
   Longest line length = 2472
   Parsing file
   Expecting NEXUS formatted file
   Reading data block
      Allocated taxon set
      Allocated matrix
      Defining new matrix with 10 taxa and 2460 characters
      Data is Dna
      Data matrix is not interleaved
      Gaps coded as -
      Taxon  1 -> SUP35_Sarb
      Taxon  2 -> SUP35_Skud
      Taxon  3 -> SUP35_Agos
      Taxon  4 -> SUP35_Sbou
      Taxon  5 -> SUP35_Spar
      Taxon  6 -> SUP35_Seub
      Taxon  7 -> SUP35_Sc__
      Taxon  8 -> SUP35_Smik
      Taxon  9 -> SUP35_Sc
      Taxon 10 -> SUP35_Kla
      Successfully read matrix
      Setting default partition (does not divide up characters)
      Setting model defaults
      Seed (for generating default start values) = 1584796457
      Setting output file names to "input.nexus.compute.run<i>.<p|t>"
   Exiting data block
   Reading mrbayes block
      Setting autoclose to yes
      Setting nowarnings to yes
      Setting Nst to 6
      Setting Rates to Invgamma
      Successfully set likelihood model parameters
      Setting number of generations to 1000
      Setting sample frequency to 10
      Running Markov chain
      MCMC stamp = 2650270028
      Seed = 2065173540
      Swapseed = 1584796457
      Model settings:

         Data not partitioned --
            Datatype  = DNA
            Nucmodel  = 4by4
            Nst       = 6
                        Substitution rates, expressed as proportions
                        of the rate sum, have a Dirichlet prior
                        (1.00,1.00,1.00,1.00,1.00,1.00)
            Covarion  = No
            # States  = 4
                        State frequencies have a Dirichlet prior
                        (1.00,1.00,1.00,1.00)
            Rates     = Invgamma
                        The distribution is approximated using 4 categories.
                        Likelihood summarized over all rate categories in each generation.
                        Shape parameter is exponentially
                        distributed with parameter (1.00).
                        Proportion of invariable sites is uniformly dist-
                        ributed on the interval (0.00,1.00).

      Active parameters: 

         Parameters
         ---------------------
         Revmat              1
         Statefreq           2
         Shape               3
         Pinvar              4
         Ratemultiplier      5
         Topology            6
         Brlens              7
         ---------------------

         1 --  Parameter  = Revmat
               Type       = Rates of reversible rate matrix
               Prior      = Dirichlet(1.00,1.00,1.00,1.00,1.00,1.00)

         2 --  Parameter  = Pi
               Type       = Stationary state frequencies
               Prior      = Dirichlet

         3 --  Parameter  = Alpha
               Type       = Shape of scaled gamma distribution of site rates
               Prior      = Exponential(1.00)

         4 --  Parameter  = Pinvar
               Type       = Proportion of invariable sites
               Prior      = Uniform(0.00,1.00)

         5 --  Parameter  = Ratemultiplier
               Type       = Partition-specific rate multiplier
               Prior      = Fixed(1.0)

         6 --  Parameter  = Tau
               Type       = Topology
               Prior      = All topologies equally probable a priori
               Subparam.  = V

         7 --  Parameter  = V
               Type       = Branch lengths
               Prior      = Unconstrained:GammaDir(1.0,0.1000,1.0,1.0)



      The MCMC sampler will use the following moves:
         With prob.  Chain will use move
            0.93 %   Dirichlet(Revmat)
            0.93 %   Slider(Revmat)
            0.93 %   Dirichlet(Pi)
            0.93 %   Slider(Pi)
            1.85 %   Multiplier(Alpha)
            1.85 %   Slider(Pinvar)
            9.26 %   ExtSPR(Tau,V)
            9.26 %   ExtTBR(Tau,V)
            9.26 %   NNI(Tau,V)
            9.26 %   ParsSPR(Tau,V)
           37.04 %   Multiplier(V)
           12.96 %   Nodeslider(V)
            5.56 %   TLMultiplier(V)

      Division 1 has 614 unique site patterns
      Initializing conditional likelihoods
      Using standard SSE likelihood calculator for division 1 (single-precision)
      Initializing invariable-site conditional likelihoods

      Initial log likelihoods and log prior probs for run 1:
         Chain 1 -- -13250.560448 -- 36.653401
         Chain 2 -- -12385.121525 -- 36.653401
         Chain 3 -- -13352.053135 -- 36.653401
         Chain 4 -- -12750.565632 -- 36.653401

      Initial log likelihoods and log prior probs for run 2:
         Chain 1 -- -12971.196716 -- 36.653401
         Chain 2 -- -12201.927931 -- 36.653401
         Chain 3 -- -13405.784878 -- 36.653401
         Chain 4 -- -13460.371256 -- 36.653401


      Using a relative burnin of 25.0 % for diagnostics

      Chain results (1000 generations requested):

          0 -- [-13250.560] (-12385.122) (-13352.053) (-12750.566) * [-12971.197] (-12201.928) (-13405.785) (-13460.371) 
       1000 -- [-10005.477] (-10152.184) (-10088.880) (-10177.687) * (-10001.731) (-10210.816) [-9923.337] (-10139.648) -- 0:00:00

      Average standard deviation of split frequencies: 0.093756

      Analysis completed in 1 second
      Analysis used 1.64 seconds of CPU time
      Likelihood of best state for "cold" chain of run 1 was -10005.48
      Likelihood of best state for "cold" chain of run 2 was -10027.13

      Acceptance rates for the moves in the "cold" chain of run 1:
         With prob.   (last 100)   chain accepted proposals by move
             NA           NA       Dirichlet(Revmat)
             NA           NA       Slider(Revmat)
             NA           NA       Dirichlet(Pi)
             NA           NA       Slider(Pi)
             NA           NA       Multiplier(Alpha)
             NA           NA       Slider(Pinvar)
             NA           NA       ExtSPR(Tau,V)
             2.0 %     (  2 %)     ExtTBR(Tau,V)
             NA           NA       NNI(Tau,V)
             NA           NA       ParsSPR(Tau,V)
            42.1 %     ( 39 %)     Multiplier(V)
            27.1 %     ( 31 %)     Nodeslider(V)
             NA           NA       TLMultiplier(V)

      Acceptance rates for the moves in the "cold" chain of run 2:
         With prob.   (last 100)   chain accepted proposals by move
             NA           NA       Dirichlet(Revmat)
             NA           NA       Slider(Revmat)
             NA           NA       Dirichlet(Pi)
             NA           NA       Slider(Pi)
             NA           NA       Multiplier(Alpha)
             NA           NA       Slider(Pinvar)
             NA           NA       ExtSPR(Tau,V)
             5.0 %     (  5 %)     ExtTBR(Tau,V)
             NA           NA       NNI(Tau,V)
             NA           NA       ParsSPR(Tau,V)
            45.1 %     ( 38 %)     Multiplier(V)
            22.6 %     ( 24 %)     Nodeslider(V)
             NA           NA       TLMultiplier(V)

      Chain swap information for run 1:

                 1     2     3     4 
           --------------------------
         1 |        0.08  0.02  0.00 
         2 |   185        0.21  0.05 
         3 |   166   173        0.30 
         4 |   163   164   149       

      Chain swap information for run 2:

                 1     2     3     4 
           --------------------------
         1 |        0.05  0.00  0.00 
         2 |   194        0.04  0.01 
         3 |   174   150        0.32 
         4 |   152   178   152       

      Upper diagonal: Proportion of successful state exchanges between chains
      Lower diagonal: Number of attempted state exchanges between chains

      Chain information:

        ID -- Heat 
       -----------
         1 -- 1.00  (cold chain)
         2 -- 0.91 
         3 -- 0.83 
         4 -- 0.77 

      Heat = 1 / (1 + T * (ID - 1))
         (where T = 0.10 is the temperature and ID is the chain number)

      Setting sumt conformat to Simple
      Setting urn-in to 50
      Summarizing trees in files "input.nexus.compute.run1.t" and "input.nexus.compute.run2.t"
      Using relative burnin ('relburnin=yes'), discarding the first 25 % of sampled trees
      Writing statistics to files input.nexus.compute.<parts|tstat|vstat|trprobs|con>
      Examining first file ...
      Found one tree block in file "input.nexus.compute.run1.t" with 101 trees in last block
      Expecting the same number of trees in the last tree block of all files

      Tree reading status:

      0      10      20      30      40      50      60      70      80      90     100
      v-------v-------v-------v-------v-------v-------v-------v-------v-------v-------v
      *********************************************************************************

      Read a total of 202 trees in 2 files (sampling 152 of them)
         (Each file contained 101 trees of which 76 were sampled)
                                                                                   
      General explanation:                                                          
                                                                                   
      In an unrooted tree, a taxon bipartition (split) is specified by removing a   
      branch, thereby dividing the species into those to the left and those to the  
      right of the branch. Here, taxa to one side of the removed branch are denoted 
      '.' and those to the other side are denoted '*'. Specifically, the '.' symbol 
      is used for the taxa on the same side as the outgroup.                        
                                                                                   
      In a rooted or clock tree, the tree is rooted using the model and not by      
      reference to an outgroup. Each bipartition therefore corresponds to a clade,  
      that is, a group that includes all the descendants of a particular branch in  
      the tree.  Taxa that are included in each clade are denoted using '*', and    
      taxa that are not included are denoted using the '.' symbol.                  
                                                                                   
      The output first includes a key to all the bipartitions with frequency larger 
      or equual to (Minpartfreq) in at least one run. Minpartfreq is a parameter to 
      sumt command and currently it is set to 0.10.  This is followed by a table  
      with statistics for the informative bipartitions (those including at least    
      two taxa), sorted from highest to lowest probability. For each bipartition,   
      the table gives the number of times the partition or split was observed in all
      runs (#obs) and the posterior probability of the bipartition (Probab.), which 
      is the same as the split frequency. If several runs are summarized, this is   
      followed by the minimum split frequency (Min(s)), the maximum frequency       
      (Max(s)), and the standard deviation of frequencies (Stddev(s)) across runs.  
      The latter value should approach 0 for all bipartitions as MCMC runs converge.
                                                                                   
      This is followed by a table summarizing branch lengths, node heights (if a    
      clock model was used) and relaxed clock parameters (if a relaxed clock model  
      was used). The mean, variance, and 95 % credible interval are given for each 
      of these parameters. If several runs are summarized, the potential scale      
      reduction factor (PSRF) is also given; it should approach 1 as runs converge. 
      Node heights will take calibration points into account, if such points were   
      used in the analysis.                                                         
                                                                                    
      Note that Stddev may be unreliable if the partition is not present in all     
      runs (the last column indicates the number of runs that sampled the partition 
      if more than one run is summarized). The PSRF is not calculated at all if     
      the partition is not present in all runs.The PSRF is also sensitive to small  
      sample sizes and it should only be considered a rough guide to convergence    
      since some of the assumptions allowing one to interpret it as a true potential
      scale reduction factor are violated in MrBayes.                               
                                                                                    
      List of taxa in bipartitions:                                                 
                                                                                   
         1 -- SUP35_Sarb
         2 -- SUP35_Skud
         3 -- SUP35_Agos
         4 -- SUP35_Sbou
         5 -- SUP35_Spar
         6 -- SUP35_Seub
         7 -- SUP35_Sc__
         8 -- SUP35_Smik
         9 -- SUP35_Sc
        10 -- SUP35_Kla

      Key to taxon bipartitions (saved to file "input.nexus.compute.parts"):

      ID -- Partition
      ----------------
       1 -- .*********
       2 -- .*........
       3 -- ..*.......
       4 -- ...*......
       5 -- ....*.....
       6 -- .....*....
       7 -- ......*...
       8 -- .......*..
       9 -- ........*.
      10 -- .........*
      11 -- ..*......*
      12 -- ...**.*.*.
      13 -- ...*..*.*.
      14 -- ...**.***.
      15 -- .****.****
      16 -- ..***.****
      17 -- ...*....*.
      18 -- ......*.*.
      19 -- .**......*
      20 -- ...*..*...
      21 -- .*...*....
      22 -- .*.**.***.
      23 -- ..*..*...*
      ----------------

      Summary statistics for informative taxon bipartitions
         (saved to file "input.nexus.compute.tstat"):

      ID   #obs    Probab.     Sd(s)+      Min(s)      Max(s)   Nruns 
      ----------------------------------------------------------------
      11   152    1.000000    0.000000    1.000000    1.000000    2
      12   152    1.000000    0.000000    1.000000    1.000000    2
      13   152    1.000000    0.000000    1.000000    1.000000    2
      14   152    1.000000    0.000000    1.000000    1.000000    2
      15   105    0.690789    0.046520    0.657895    0.723684    2
      16    90    0.592105    0.316337    0.368421    0.815789    2
      17    83    0.546053    0.158169    0.434211    0.657895    2
      18    41    0.269737    0.120952    0.184211    0.355263    2
      19    33    0.217105    0.269817    0.026316    0.407895    2
      20    28    0.184211    0.037216    0.157895    0.210526    2
      21    25    0.164474    0.065128    0.118421    0.210526    2
      22    22    0.144737    0.093040    0.078947    0.210526    2
      23    22    0.144737    0.111648    0.065789    0.223684    2
      ----------------------------------------------------------------
      + Convergence diagnostic (standard deviation of split frequencies)
        should approach 0.0 as runs converge.


      Summary statistics for branch and node parameters
         (saved to file "input.nexus.compute.vstat"):

                                              95% HPD Interval
                                            --------------------
      Parameter      Mean       Variance     Lower       Upper       Median     PSRF+  Nruns
      --------------------------------------------------------------------------------------
      length[1]     0.073890    0.000100    0.059429    0.080116    0.073298    1.044    2
      length[2]     0.089715    0.000645    0.063104    0.147767    0.080212    1.133    2
      length[3]     0.209848    0.003563    0.075554    0.263652    0.237618    1.030    2
      length[4]     0.005055    0.000045    0.000163    0.023636    0.003301    1.228    2
      length[5]     0.029282    0.000043    0.017900    0.043063    0.029013    1.009    2
      length[6]     0.089109    0.000154    0.068010    0.107206    0.090168    1.048    2
      length[7]     0.008150    0.000032    0.002022    0.023301    0.005840    1.216    2
      length[8]     0.063508    0.000105    0.048020    0.079933    0.064000    1.049    2
      length[9]     0.003688    0.000012    0.001049    0.013323    0.002098    1.113    2
      length[10]    0.167308    0.000964    0.109645    0.230336    0.166837    1.100    2
      length[11]    0.214544    0.001284    0.138230    0.254516    0.221310    1.191    2
      length[12]    0.035232    0.000025    0.026036    0.045612    0.034327    1.006    2
      length[13]    0.045948    0.000069    0.034120    0.057328    0.041998    1.017    2
      length[14]    0.023143    0.000050    0.010815    0.033785    0.022663    1.394    2
      length[15]    0.015177    0.000011    0.008582    0.020271    0.015035    1.006    2
      length[16]    0.015638    0.000026    0.006658    0.024911    0.013517    1.141    2
      length[17]    0.010645    0.000168    0.000143    0.042697    0.004130    1.571    2
      length[18]    0.001978    0.000012    0.000117    0.013938    0.000906    1.189    2
      length[19]    0.013445    0.000006    0.009757    0.016779    0.013129    1.372    2
      length[20]    0.002122    0.000003    0.000111    0.004148    0.001740    1.023    2
      length[21]    0.014354    0.000023    0.008877    0.021142    0.014083    1.428    2
      length[22]    0.014843    0.000027    0.007364    0.020158    0.016983    1.091    2
      length[23]    0.015174    0.000018    0.006372    0.022789    0.016241    2.103    2
      --------------------------------------------------------------------------------------
      + Convergence diagnostic (PSRF = Potential Scale Reduction Factor; Gelman
        and Rubin, 1992) should approach 1.0 as runs converge. NA is reported when
        deviation of parameter values within all runs is 0 or when a parameter
        value (a branch length, for instance) is not sampled in all runs.


      Summary statistics for partitions with frequency >= 0.10 in at least one run:
          Average standard deviation of split frequencies = 0.093756
          Maximum standard deviation of split frequencies = 0.316337
          Average PSRF for parameter values (excluding NA and >10.0) = 1.196
          Maximum PSRF for parameter values = 2.103


      Clade credibility values:

      /--------------------------------------------------------------- SUP35_Sarb (1)
      |                                                                               
      |--------------------------------------------------------------- SUP35_Seub (6)
      |                                                                               
      +        /------------------------------------------------------ SUP35_Skud (2)
      |        |                                                                      
      |        |                                            /--------- SUP35_Agos (3)
      |        |        /----------------100----------------+                         
      \---69---+        |                                   \--------- SUP35_Kla (10)
               |        |                                                             
               |        |                                   /--------- SUP35_Sbou (4)
               |        |                          /---55---+                         
               \---59---+                          |        \--------- SUP35_Sc (9)
                        |                 /---100--+                                  
                        |                 |        \------------------ SUP35_Sc__ (7)
                        |        /---100--+                                           
                        |        |        \--------------------------- SUP35_Spar (5)
                        \---100--+                                                    
                                 \------------------------------------ SUP35_Smik (8)
                                                                                      

      Phylogram (based on average branch lengths):

      /---------- SUP35_Sarb (1)
      |                                                                               
      |------------ SUP35_Seub (6)
      |                                                                               
      + /----------- SUP35_Skud (2)
      | |                                                                             
      | |                              /-------------------------------- SUP35_Agos (3)
      | | /----------------------------+                                              
      \-+ |                            \----------------------- SUP35_Kla (10)
        | |                                                                           
        | |             / SUP35_Sbou (4)
        | |            /+                                                             
        \-+            |\ SUP35_Sc (9)
          |      /-----+                                                              
          |      |     \- SUP35_Sc__ (7)
          |  /---+                                                                    
          |  |   \---- SUP35_Spar (5)
          \--+                                                                        
             \-------- SUP35_Smik (8)
                                                                                      
      |------------| 0.100 expected changes per site

      Calculating tree probabilities...

      Credible sets of trees (16 trees sampled):
         50 % credible set contains 4 trees
         90 % credible set contains 10 trees
         95 % credible set contains 12 trees
         99 % credible set contains 15 trees

   Exiting mrbayes block
   Reached end of file

   Tasks completed, exiting program because mode is noninteractive
   To return control to the command line after completion of file processing, 
   set mode to interactive with 'mb -i <filename>' (i is for interactive)
   or use 'set mode=interactive'

