IQ-TREE multicore version 1.6.12 for Linux 64-bit built Mar 16 2020
Developed by Bui Quang Minh, Nguyen Lam Tung, Olga Chernomor,
Heiko Schmidt, Dominik Schrempf, Michael Woodhams.

Host:    CocosLaptop (AVX2, FMA3, 7 GB RAM)
Command: iqtree -s ./data/SUP35_aln.bestGTR.fas -m GTRCAT -bb 1000 -alrt 1000
Seed:    278606 (Using SPRNG - Scalable Parallel Random Number Generator)
Time:    Sat Mar 21 17:46:24 2020
Kernel:  AVX+FMA - 1 threads (8 CPU cores detected)

HINT: Use -nt option to specify number of threads because your CPU has 8 cores!
HINT: -nt AUTO will automatically determine the best number of threads to use.

Reading alignment file ./data/SUP35_aln.bestGTR.fas ... Fasta format detected
Alignment most likely contains DNA/RNA sequences
Alignment has 10 sequences with 2460 columns, 614 distinct patterns
509 parsimony-informative, 407 singleton sites, 1544 constant sites
                                        Gap/Ambiguity  Composition  p-value
   1  SUP35_Kla_AB039749                       14.63%    passed     88.37%
   2  SUP35_Agos_ATCC_10895_NM_211584          15.73%    failed      0.00%
   3  SUP35_Scer_74-D694_GCA_001578265.1       16.46%    passed     93.86%
   4  SUP35_Sbou_unique28_CM003560             16.46%    passed     92.56%
   5  SUP35_Scer_beer078_CM005938              18.78%    passed     89.70%
   6  SUP35_Spar_A12_Liti                      16.95%    passed     57.73%
   7  SUP35_Smik_IFO1815T_30                   16.95%    passed     61.92%
   8  SUP35_Sarb_H-6_chrXIII_CM001575          17.07%    passed     58.58%
   9  SUP35_Skud_IFO1802T_36                   17.32%    passed     98.38%
  10  SUP35_Seub_CBS12357_chr_II_IV_DF968535   17.80%    passed     64.34%
****  TOTAL                                    16.82%  1 sequences failed composition chi2 test (p-value<5%; df=3)

Create initial parsimony tree by phylogenetic likelihood library (PLL)... 0.001 seconds
Generating 1000 samples for ultrafast bootstrap (seed: 278606)...
ERROR: File not found GTRCAT

******************************************************
CHECKPOINT: Resuming analysis from ./data/SUP35_aln.bestGTR.fas.ckp.gz

IQ-TREE multicore version 1.6.12 for Linux 64-bit built Mar 16 2020
Developed by Bui Quang Minh, Nguyen Lam Tung, Olga Chernomor,
Heiko Schmidt, Dominik Schrempf, Michael Woodhams.

Host:    CocosLaptop (AVX2, FMA3, 7 GB RAM)
Command: iqtree -s ./data/SUP35_aln.bestGTR.fas -m GTR -bb 1000 -alrt 1000
Seed:    762979 (Using SPRNG - Scalable Parallel Random Number Generator)
Time:    Sat Mar 21 17:46:29 2020
Kernel:  AVX+FMA - 1 threads (8 CPU cores detected)

HINT: Use -nt option to specify number of threads because your CPU has 8 cores!
HINT: -nt AUTO will automatically determine the best number of threads to use.

WARNING: Command-line argument `GTR` differs from checkpoint `GTRCAT`
WARNING: Command-line differs from checkpoint!
Reading alignment file ./data/SUP35_aln.bestGTR.fas ... Fasta format detected
Alignment most likely contains DNA/RNA sequences
Alignment has 10 sequences with 2460 columns, 614 distinct patterns
509 parsimony-informative, 407 singleton sites, 1544 constant sites
                                        Gap/Ambiguity  Composition  p-value
   1  SUP35_Kla_AB039749                       14.63%    passed     88.37%
   2  SUP35_Agos_ATCC_10895_NM_211584          15.73%    failed      0.00%
   3  SUP35_Scer_74-D694_GCA_001578265.1       16.46%    passed     93.86%
   4  SUP35_Sbou_unique28_CM003560             16.46%    passed     92.56%
   5  SUP35_Scer_beer078_CM005938              18.78%    passed     89.70%
   6  SUP35_Spar_A12_Liti                      16.95%    passed     57.73%
   7  SUP35_Smik_IFO1815T_30                   16.95%    passed     61.92%
   8  SUP35_Sarb_H-6_chrXIII_CM001575          17.07%    passed     58.58%
   9  SUP35_Skud_IFO1802T_36                   17.32%    passed     98.38%
  10  SUP35_Seub_CBS12357_chr_II_IV_DF968535   17.80%    passed     64.34%
****  TOTAL                                    16.82%  1 sequences failed composition chi2 test (p-value<5%; df=3)

CHECKPOINT: Initial tree restored
Generating 1000 samples for ultrafast bootstrap (seed: 762979)...

NOTE: 2 MB RAM (0 GB) is required!
Estimate model parameters (epsilon = 0.100)
1. Initial log-likelihood: -10519.434
2. Current log-likelihood: -10022.513
3. Current log-likelihood: -10020.125
Optimal log-likelihood: -10020.121
Rate parameters:  A-C: 2.06088  A-G: 5.06247  A-T: 1.58003  C-G: 1.95380  C-T: 11.85802  G-T: 1.00000
Base frequencies:  A: 0.342  C: 0.194  G: 0.225  T: 0.239
Parameters optimization took 3 rounds (0.018 sec)
Computing ML distances based on estimated model parameters... 0.001 sec
Computing BIONJ tree...
0.000 seconds
Log-likelihood of BIONJ tree: -10018.648
--------------------------------------------------------------------
|             INITIALIZING CANDIDATE TREE SET                      |
--------------------------------------------------------------------
Generating 98 parsimony trees... 0.082 second
Computing log-likelihood of 90 initial trees ... 0.120 seconds
Current best score: -10018.648

Do NNI search on 20 best initial trees
Estimate model parameters (epsilon = 0.100)
BETTER TREE FOUND at iteration 1: -10018.529
Iteration 10 / LogL: -10020.266 / Time: 0h:0m:0s
Iteration 20 / LogL: -10020.309 / Time: 0h:0m:0s
Finish initializing candidate tree set (2)
Current best tree score: -10018.529 / CPU time: 0.479
Number of iterations: 20
--------------------------------------------------------------------
|               OPTIMIZING CANDIDATE TREE SET                      |
--------------------------------------------------------------------
UPDATE BEST LOG-LIKELIHOOD: -10018.529
Iteration 30 / LogL: -10018.529 / Time: 0h:0m:0s (0h:0m:1s left)
Iteration 40 / LogL: -10019.253 / Time: 0h:0m:0s (0h:0m:1s left)
UPDATE BEST LOG-LIKELIHOOD: -10018.529
UPDATE BEST LOG-LIKELIHOOD: -10018.528
Iteration 50 / LogL: -10018.551 / Time: 0h:0m:1s (0h:0m:1s left)
Log-likelihood cutoff on original alignment: -10038.853
Iteration 60 / LogL: -10018.531 / Time: 0h:0m:1s (0h:0m:0s left)
Iteration 70 / LogL: -10018.534 / Time: 0h:0m:1s (0h:0m:0s left)
UPDATE BEST LOG-LIKELIHOOD: -10018.528
Iteration 80 / LogL: -10020.250 / Time: 0h:0m:1s (0h:0m:0s left)
Iteration 90 / LogL: -10020.251 / Time: 0h:0m:1s (0h:0m:0s left)
Iteration 100 / LogL: -10222.043 / Time: 0h:0m:1s (0h:0m:0s left)
Log-likelihood cutoff on original alignment: -10039.039
NOTE: Bootstrap correlation coefficient of split occurrence frequencies: 0.998
TREE SEARCH COMPLETED AFTER 102 ITERATIONS / Time: 0h:0m:2s

--------------------------------------------------------------------
|                    FINALIZING TREE SEARCH                        |
--------------------------------------------------------------------
Performs final model parameters optimization
Estimate model parameters (epsilon = 0.010)
1. Initial log-likelihood: -10018.528
Optimal log-likelihood: -10018.528
Rate parameters:  A-C: 1.90803  A-G: 4.81265  A-T: 1.49145  C-G: 1.86511  C-T: 11.34751  G-T: 1.00000
Base frequencies:  A: 0.342  C: 0.194  G: 0.225  T: 0.239
Parameters optimization took 1 rounds (0.003 sec)
BEST SCORE FOUND : -10018.528

Testing tree branches by SH-like aLRT with 1000 replicates...
0.364 sec.
Creating bootstrap support values...
Split supports printed to NEXUS file ./data/SUP35_aln.bestGTR.fas.splits.nex
Total tree length: 0.947

Total number of iterations: 102
CPU time used for tree search: 1.835 sec (0h:0m:1s)
Wall-clock time used for tree search: 1.903 sec (0h:0m:1s)
Total CPU time used: 2.324 sec (0h:0m:2s)
Total wall-clock time used: 2.400 sec (0h:0m:2s)

Computing bootstrap consensus tree...
Reading input file ./data/SUP35_aln.bestGTR.fas.splits.nex...
10 taxa and 27 splits.
Consensus tree written to ./data/SUP35_aln.bestGTR.fas.contree
Reading input trees file ./data/SUP35_aln.bestGTR.fas.contree
Log-likelihood of consensus tree: -10018.529

Analysis results written to: 
  IQ-TREE report:                ./data/SUP35_aln.bestGTR.fas.iqtree
  Maximum-likelihood tree:       ./data/SUP35_aln.bestGTR.fas.treefile
  Likelihood distances:          ./data/SUP35_aln.bestGTR.fas.mldist

Ultrafast bootstrap approximation results written to:
  Split support values:          ./data/SUP35_aln.bestGTR.fas.splits.nex
  Consensus tree:                ./data/SUP35_aln.bestGTR.fas.contree
  Screen log file:               ./data/SUP35_aln.bestGTR.fas.log

Date and Time: Sat Mar 21 17:46:32 2020
