IQ-TREE multicore version 1.6.12 for Linux 64-bit built Mar 16 2020
Developed by Bui Quang Minh, Nguyen Lam Tung, Olga Chernomor,
Heiko Schmidt, Dominik Schrempf, Michael Woodhams.

Host:    CocosLaptop (AVX2, FMA3, 7 GB RAM)
Command: iqtree -s ./data/SUP35_aln.bestTIM.fas -m TIM3+I+G -bb 1000 -alrt 1000
Seed:    517907 (Using SPRNG - Scalable Parallel Random Number Generator)
Time:    Sat Mar 21 17:46:06 2020
Kernel:  AVX+FMA - 1 threads (8 CPU cores detected)

HINT: Use -nt option to specify number of threads because your CPU has 8 cores!
HINT: -nt AUTO will automatically determine the best number of threads to use.

Reading alignment file ./data/SUP35_aln.bestTIM.fas ... Fasta format detected
Alignment most likely contains DNA/RNA sequences
Alignment has 10 sequences with 2460 columns, 614 distinct patterns
509 parsimony-informative, 407 singleton sites, 1544 constant sites
                                        Gap/Ambiguity  Composition  p-value
   1  SUP35_Kla_AB039749                       14.63%    passed     88.37%
   2  SUP35_Agos_ATCC_10895_NM_211584          15.73%    failed      0.00%
   3  SUP35_Scer_74-D694_GCA_001578265.1       16.46%    passed     93.86%
   4  SUP35_Sbou_unique28_CM003560             16.46%    passed     92.56%
   5  SUP35_Scer_beer078_CM005938              18.78%    passed     89.70%
   6  SUP35_Spar_A12_Liti                      16.95%    passed     57.73%
   7  SUP35_Smik_IFO1815T_30                   16.95%    passed     61.92%
   8  SUP35_Sarb_H-6_chrXIII_CM001575          17.07%    passed     58.58%
   9  SUP35_Skud_IFO1802T_36                   17.32%    passed     98.38%
  10  SUP35_Seub_CBS12357_chr_II_IV_DF968535   17.80%    passed     64.34%
****  TOTAL                                    16.82%  1 sequences failed composition chi2 test (p-value<5%; df=3)

Create initial parsimony tree by phylogenetic likelihood library (PLL)... 0.002 seconds
Generating 1000 samples for ultrafast bootstrap (seed: 517907)...

NOTE: 3 MB RAM (0 GB) is required!
Estimate model parameters (epsilon = 0.100)
Thoroughly optimizing +I+G parameters from 10 start values...
Init pinv, alpha: 0.000, 1.000 / Estimate: 0.000, 0.401 / LogL: -9740.533
Init pinv, alpha: 0.070, 1.000 / Estimate: 0.069, 0.468 / LogL: -9740.279
Init pinv, alpha: 0.139, 1.000 / Estimate: 0.140, 0.561 / LogL: -9739.714
Init pinv, alpha: 0.209, 1.000 / Estimate: 0.212, 0.696 / LogL: -9738.784
Init pinv, alpha: 0.279, 1.000 / Estimate: 0.283, 0.910 / LogL: -9737.599
Init pinv, alpha: 0.349, 1.000 / Estimate: 0.352, 1.288 / LogL: -9736.417
Init pinv, alpha: 0.418, 1.000 / Estimate: 0.409, 1.964 / LogL: -9736.388
Init pinv, alpha: 0.488, 1.000 / Estimate: 0.415, 2.106 / LogL: -9736.487
Init pinv, alpha: 0.558, 1.000 / Estimate: 0.414, 2.101 / LogL: -9736.479
Init pinv, alpha: 0.628, 1.000 / Estimate: 0.415, 2.130 / LogL: -9736.517
Optimal pinv,alpha: 0.409, 1.964 / LogL: -9736.388

Parameters optimization took 1.030 sec
Computing ML distances based on estimated model parameters... 0.001 sec
Computing BIONJ tree...
0.000 seconds
Log-likelihood of BIONJ tree: -9735.298
--------------------------------------------------------------------
|             INITIALIZING CANDIDATE TREE SET                      |
--------------------------------------------------------------------
Generating 98 parsimony trees... 0.100 second
Computing log-likelihood of 90 initial trees ... 0.300 seconds
Current best score: -9735.298

Do NNI search on 20 best initial trees
Estimate model parameters (epsilon = 0.100)
BETTER TREE FOUND at iteration 1: -9735.242
Iteration 10 / LogL: -9735.243 / Time: 0h:0m:1s
Iteration 20 / LogL: -9735.305 / Time: 0h:0m:2s
Finish initializing candidate tree set (2)
Current best tree score: -9735.242 / CPU time: 1.020
Number of iterations: 20
--------------------------------------------------------------------
|               OPTIMIZING CANDIDATE TREE SET                      |
--------------------------------------------------------------------
UPDATE BEST LOG-LIKELIHOOD: -9735.242
Iteration 30 / LogL: -9735.242 / Time: 0h:0m:2s (0h:0m:5s left)
UPDATE BEST LOG-LIKELIHOOD: -9735.242
Iteration 40 / LogL: -9735.312 / Time: 0h:0m:2s (0h:0m:4s left)
Iteration 50 / LogL: -9735.338 / Time: 0h:0m:2s (0h:0m:3s left)
Log-likelihood cutoff on original alignment: -9757.243
Iteration 60 / LogL: -9807.253 / Time: 0h:0m:3s (0h:0m:2s left)
Iteration 70 / LogL: -9806.404 / Time: 0h:0m:3s (0h:0m:1s left)
WARNING: NNI search needs unusual large number of steps (10) to converge!
Iteration 80 / LogL: -9735.243 / Time: 0h:0m:3s (0h:0m:1s left)
Iteration 90 / LogL: -9735.243 / Time: 0h:0m:4s (0h:0m:0s left)
UPDATE BEST LOG-LIKELIHOOD: -9735.242
Iteration 100 / LogL: -9735.361 / Time: 0h:0m:4s (0h:0m:0s left)
Log-likelihood cutoff on original alignment: -9757.243
NOTE: Bootstrap correlation coefficient of split occurrence frequencies: 0.999
TREE SEARCH COMPLETED AFTER 102 ITERATIONS / Time: 0h:0m:4s

--------------------------------------------------------------------
|                    FINALIZING TREE SEARCH                        |
--------------------------------------------------------------------
Performs final model parameters optimization
Estimate model parameters (epsilon = 0.010)
1. Initial log-likelihood: -9735.242
2. Current log-likelihood: -9735.226
3. Current log-likelihood: -9735.211
4. Current log-likelihood: -9735.198
5. Current log-likelihood: -9735.188
Optimal log-likelihood: -9735.178
Rate parameters:  A-C: 1.78123  A-G: 5.77126  A-T: 1.00000  C-G: 1.78123  C-T: 14.88697  G-T: 1.00000
Base frequencies:  A: 0.342  C: 0.194  G: 0.225  T: 0.239
Proportion of invariable sites: 0.403
Gamma shape alpha: 1.922
Parameters optimization took 5 rounds (0.043 sec)
BEST SCORE FOUND : -9735.178

Testing tree branches by SH-like aLRT with 1000 replicates...
0.376 sec.
Creating bootstrap support values...
Split supports printed to NEXUS file ./data/SUP35_aln.bestTIM.fas.splits.nex
Total tree length: 1.451

Total number of iterations: 102
CPU time used for tree search: 3.481 sec (0h:0m:3s)
Wall-clock time used for tree search: 3.565 sec (0h:0m:3s)
Total CPU time used: 5.027 sec (0h:0m:5s)
Total wall-clock time used: 5.136 sec (0h:0m:5s)

Computing bootstrap consensus tree...
Reading input file ./data/SUP35_aln.bestTIM.fas.splits.nex...
10 taxa and 29 splits.
Consensus tree written to ./data/SUP35_aln.bestTIM.fas.contree
Reading input trees file ./data/SUP35_aln.bestTIM.fas.contree
Log-likelihood of consensus tree: -9735.180

Analysis results written to: 
  IQ-TREE report:                ./data/SUP35_aln.bestTIM.fas.iqtree
  Maximum-likelihood tree:       ./data/SUP35_aln.bestTIM.fas.treefile
  Likelihood distances:          ./data/SUP35_aln.bestTIM.fas.mldist

Ultrafast bootstrap approximation results written to:
  Split support values:          ./data/SUP35_aln.bestTIM.fas.splits.nex
  Consensus tree:                ./data/SUP35_aln.bestTIM.fas.contree
  Screen log file:               ./data/SUP35_aln.bestTIM.fas.log

Date and Time: Sat Mar 21 17:46:11 2020
