Aligning contigs to reference...
	Aligning contigs to the reference
Filtering alignments...
Parsing coords...
Loading reference...
	Loaded [gi_48994873_gb_U00096.2_]
	Total Regions: 1
	Total Region Length: 4639675
Analyzing contigs...
CONTIG: contig_1 (4642048bp)
Best alignment score: 1564544.5 (LEN: 1564701, IDY: 99.99), Total number of alignments: 31
			Looking for the best set of alignments (out of 31 total alignments)
			Skipping redundant alignments after choosing the best set of alignments
		Skipping redundant alignment 19796 20563 | 859112 858345 | 768 768 | 100.0 | gi_48994873_gb_U00096.2_ contig_1
		Skipping redundant alignment 289858 290625 | 859112 858345 | 768 768 | 98.83 | gi_48994873_gb_U00096.2_ contig_1
		Skipping redundant alignment 3581451 3582219 | 858345 859113 | 769 769 | 100.0 | gi_48994873_gb_U00096.2_ contig_1
		Skipping redundant alignment 278386 279154 | 859113 858345 | 769 769 | 98.83 | gi_48994873_gb_U00096.2_ contig_1
		Skipping redundant alignment 1048999 1049769 | 858343 859113 | 771 771 | 98.83 | gi_48994873_gb_U00096.2_ contig_1
		Skipping redundant alignment 273179 274373 | 1431428 1432622 | 1195 1195 | 100.0 | gi_48994873_gb_U00096.2_ contig_1
		Skipping redundant alignment 2064180 2065377 | 1431425 1432622 | 1198 1198 | 99.58 | gi_48994873_gb_U00096.2_ contig_1
		Skipping redundant alignment 2099773 2100970 | 1431428 1432625 | 1198 1198 | 100.0 | gi_48994873_gb_U00096.2_ contig_1
		Skipping redundant alignment 3128165 3129368 | 1432625 1431422 | 1204 1204 | 100.0 | gi_48994873_gb_U00096.2_ contig_1
		Skipping redundant alignment 687070 688272 | 1431424 1432626 | 1203 1203 | 100.0 | gi_48994873_gb_U00096.2_ contig_1
		Skipping redundant alignment 3363574 3364776 | 1431424 1432626 | 1203 1203 | 100.0 | gi_48994873_gb_U00096.2_ contig_1
		Skipping redundant alignment 573809 575012 | 1431423 1432626 | 1204 1204 | 100.0 | gi_48994873_gb_U00096.2_ contig_1
		Skipping redundant alignment 3650053 3651257 | 1431422 1432626 | 1205 1205 | 100.0 | gi_48994873_gb_U00096.2_ contig_1
		Skipping redundant alignment 1394063 1395266 | 1432627 1431424 | 1204 1204 | 100.0 | gi_48994873_gb_U00096.2_ contig_1
		Skipping redundant alignment 1976527 1977294 | 2474274 2473507 | 768 768 | 100.0 | gi_48994873_gb_U00096.2_ contig_1
		Skipping redundant alignment 1049001 1049768 | 2473507 2474274 | 768 768 | 98.83 | gi_48994873_gb_U00096.2_ contig_1
		Skipping redundant alignment 289858 290625 | 2474274 2473507 | 768 768 | 98.83 | gi_48994873_gb_U00096.2_ contig_1
		Skipping redundant alignment 278387 279154 | 2474274 2473507 | 768 768 | 98.83 | gi_48994873_gb_U00096.2_ contig_1
		Skipping redundant alignment 3581450 3582218 | 2473506 2474274 | 769 769 | 100.0 | gi_48994873_gb_U00096.2_ contig_1
		This contig has several significant sets of alignments. [An ambiguously mapped contig]
		Using only the very best set (option --ambiguity-usage is set to "one").
			The best set is below. Score: 4639389.9, number of alignments: 12, unaligned bases: 0
		This contig is misassembled.
			Excluding internal overlap of size 1 between Alignment 1 and 2: 1976527 1977295 | 859112 858344 | 769 769 --> 1976527 1977294 | 859112 858345 | 768 768
			Real Alignment 1: 1871055 2729490 | 858344 1 | 858436 858344 | 99.98 | gi_48994873_gb_U00096.2_ contig_1
			  Extensive misassembly (relocation, inconsistency = -106240) between these two alignments
			Real Alignment 2: 1976527 1977294 | 859112 858345 | 768 768 | 100.0 | gi_48994873_gb_U00096.2_ contig_1
			  Extensive misassembly (relocation, inconsistency = 105463) between these two alignments
			Real Alignment 3: 1298718 1871063 | 1431427 859113 | 572346 572315 | 99.99 | gi_48994873_gb_U00096.2_ contig_1
			  Extensive misassembly (relocation, inconsistency = 415877) between these two alignments
			Real Alignment 4: 2286941 2288135 | 1431428 1432622 | 1195 1195 | 100.0 | gi_48994873_gb_U00096.2_ contig_1
			  Extensive misassembly (relocation, inconsistency = 988219) between these two alignments
			Real Alignment 5: 1208826 1298721 | 1522509 1432623 | 89896 89887 | 99.99 | gi_48994873_gb_U00096.2_ contig_1
			  Extensive misassembly (inversion) between these two alignments
			Real Alignment 6: 1207029 1208825 | 1522510 1524304 | 1797 1795 | 99.89 | gi_48994873_gb_U00096.2_ contig_1
			  Extensive misassembly (inversion) between these two alignments
			Excluding internal overlap of size 440 between Alignment 7 and 8: 1096184 1207028 | 1635134 1524305 | 110845 110830 --> 1096626 1207028 | 1634694 1524305 | 110403 110390
			Real Alignment 7: 1096626 1207028 | 1634694 1524305 | 110403 110390 | 99.98 | gi_48994873_gb_U00096.2_ contig_1
			  Overlap between these two alignments (local misassembly). Inconsistency = -181
			Excluding internal overlap of size 1 between Alignment 8 and 9: 19796 20564 | 2474274 2473506 | 769 769 --> 19796 20563 | 2474274 2473507 | 768 768
			Real Alignment 8: 257900 1096806 | 2473506 1634695 | 838907 838812 | 99.99 | gi_48994873_gb_U00096.2_ contig_1
			  Extensive misassembly (relocation, inconsistency = 237336) between these two alignments
			Real Alignment 9: 19796 20563 | 2474274 2473507 | 768 768 | 100.0 | gi_48994873_gb_U00096.2_ contig_1
			  Extensive misassembly (relocation, inconsistency = -238112) between these two alignments
			Real Alignment 10: 1 257907 | 2732164 2474275 | 257907 257890 | 99.99 | gi_48994873_gb_U00096.2_ contig_1
			  Not a misassembly [linear representation of circular genome] between these two alignments
			Excluding internal overlap of size 488 between Alignment 11 and 12: 4293971 4639675 | 3077835 2732165 | 345705 345671 --> 4294457 4639675 | 3077347 2732165 | 345219 345183
			Real Alignment 11: 4294457 4639675 | 3077347 2732165 | 345219 345183 | 99.99 | gi_48994873_gb_U00096.2_ contig_1
			  Gap between these two alignments (local misassembly). Inconsistency = 111
			Real Alignment 12: 2729491 4294345 | 4642048 3077348 | 1564855 1564701 | 99.99 | gi_48994873_gb_U00096.2_ contig_1

Analyzing coverage...
Writing SNPs into /home/cocos/BIOINF/spring/ngs/HW6/quast_results/results_2020_03_31_17_48_59/contigs_reports/minimap_output/out_pacbio_40x_assembly.used_snps.gz

Analysis is finished!
Founded SNPs were written into /home/cocos/BIOINF/spring/ngs/HW6/quast_results/results_2020_03_31_17_48_59/contigs_reports/minimap_output/out_pacbio_40x_assembly.used_snps.gz

Results:
	Local Misassemblies: 2
	Misassemblies: 8
		Relocations: 6
		Translocations: 0
		Inversions: 2
	Scaffold gap extensive misassemblies: 0
	Scaffold gap local misassemblies: 0
	Misassembled Contigs: 1
	Misassembled Contig Bases: 4642048
	Misassemblies Inter-Contig Overlap: 0
Unaligned Contigs: 0 + 0 part
Half Unaligned Contigs with Misassemblies: 0
Unaligned Contig Bases: 0

Ambiguously Mapped Contigs: 1
Total Bases in Ambiguously Mapped Contigs: 4642048
Extra Bases in Ambiguously Mapped Contigs: 0
Note that --allow-ambiguity option was set to "one" and only first alignment per each of these contigs was used.

	Covered Bases: 4639564

	SNPs: 51
	Insertions: 27
	Deletions: 476

